[debug] [2023-03-29T13:10:16.817Z] ----------------------------------------------------------------------
[debug] [2023-03-29T13:10:16.823Z] Command:       C:\Program Files\nodejs\node.exe C:\Users\Admin\AppData\Roaming\npm\node_modules\firebase-tools\lib\bin\firebase.js deploy
[debug] [2023-03-29T13:10:16.825Z] CLI Version:   11.20.0
[debug] [2023-03-29T13:10:16.825Z] Platform:      win32
[debug] [2023-03-29T13:10:16.825Z] Node Version:  v16.17.0
[debug] [2023-03-29T13:10:16.834Z] Time:          Wed Mar 29 2023 19:10:16 GMT+0600 (Bangladesh Standard Time)
[debug] [2023-03-29T13:10:16.834Z] ----------------------------------------------------------------------
[debug] 
[debug] [2023-03-29T13:10:16.845Z] >>> [apiv2][query] GET https://firebase-public.firebaseio.com/cli.json [none]
[debug] [2023-03-29T13:10:17.064Z] > command requires scopes: ["email","openid","https://www.googleapis.com/auth/cloudplatformprojects.readonly","https://www.googleapis.com/auth/firebase","https://www.googleapis.com/auth/cloud-platform"]
[debug] [2023-03-29T13:10:17.064Z] > authorizing via signed-in user (amitpaultl@gmail.com)
[debug] [2023-03-29T13:10:17.064Z] [iam] checking project geeks-of-gurukul for permissions ["firebase.projects.get","firebasehosting.sites.update"]
[debug] [2023-03-29T13:10:17.066Z] > refreshing access token with scopes: []
[debug] [2023-03-29T13:10:17.067Z] >>> [apiv2][query] POST https://www.googleapis.com/oauth2/v3/token [none]
[debug] [2023-03-29T13:10:17.067Z] >>> [apiv2][body] POST https://www.googleapis.com/oauth2/v3/token [omitted]
[debug] [2023-03-29T13:10:17.794Z] <<< [apiv2][status] POST https://www.googleapis.com/oauth2/v3/token 200
[debug] [2023-03-29T13:10:17.795Z] <<< [apiv2][body] POST https://www.googleapis.com/oauth2/v3/token [omitted]
[debug] [2023-03-29T13:10:17.805Z] >>> [apiv2][query] POST https://cloudresourcemanager.googleapis.com/v1/projects/geeks-of-gurukul:testIamPermissions [none]
[debug] [2023-03-29T13:10:17.805Z] >>> [apiv2][(partial)header] POST https://cloudresourcemanager.googleapis.com/v1/projects/geeks-of-gurukul:testIamPermissions x-goog-quota-user=projects/geeks-of-gurukul
[debug] [2023-03-29T13:10:17.805Z] >>> [apiv2][body] POST https://cloudresourcemanager.googleapis.com/v1/projects/geeks-of-gurukul:testIamPermissions {"permissions":["firebase.projects.get","firebasehosting.sites.update"]}
[debug] [2023-03-29T13:10:17.928Z] <<< [apiv2][status] GET https://firebase-public.firebaseio.com/cli.json 200
[debug] [2023-03-29T13:10:17.929Z] <<< [apiv2][body] GET https://firebase-public.firebaseio.com/cli.json {"cloudBuildErrorAfter":1594252800000,"cloudBuildWarnAfter":1590019200000,"defaultNode10After":1594252800000,"minVersion":"3.0.5","node8DeploysDisabledAfter":1613390400000,"node8RuntimeDisabledAfter":1615809600000,"node8WarnAfter":1600128000000}
[debug] [2023-03-29T13:10:19.660Z] <<< [apiv2][status] POST https://cloudresourcemanager.googleapis.com/v1/projects/geeks-of-gurukul:testIamPermissions 200
[debug] [2023-03-29T13:10:19.660Z] <<< [apiv2][body] POST https://cloudresourcemanager.googleapis.com/v1/projects/geeks-of-gurukul:testIamPermissions {}
[debug] [2023-03-29T13:10:19.660Z] [iam] error while checking permissions, command may fail: FirebaseError: Authorization failed. This account is missing the following required permissions on project geeks-of-gurukul:

  firebase.projects.get
  firebasehosting.sites.update
[debug] [2023-03-29T13:10:19.662Z] >>> [apiv2][query] GET https://firebase.googleapis.com/v1beta1/projects/geeks-of-gurukul [none]
[debug] [2023-03-29T13:10:20.926Z] <<< [apiv2][status] GET https://firebase.googleapis.com/v1beta1/projects/geeks-of-gurukul 403
[debug] [2023-03-29T13:10:20.926Z] <<< [apiv2][body] GET https://firebase.googleapis.com/v1beta1/projects/geeks-of-gurukul {"error":{"code":403,"message":"The caller does not have permission","status":"PERMISSION_DENIED"}}
[debug] [2023-03-29T13:10:20.928Z] HTTP Error: 403, The caller does not have permission
[debug] [2023-03-29T13:10:22.004Z] FirebaseError: HTTP Error: 403, The caller does not have permission
    at responseToError (C:\Users\Admin\AppData\Roaming\npm\node_modules\firebase-tools\lib\responseToError.js:49:12)
    at RetryOperation._fn (C:\Users\Admin\AppData\Roaming\npm\node_modules\firebase-tools\lib\apiv2.js:288:77)
    at processTicksAndRejections (node:internal/process/task_queues:96:5)
[error] 
[error] Error: Failed to get Firebase project geeks-of-gurukul. Please make sure the project exists and your account has permission to access it.
[debug] [2023-03-30T07:49:49.566Z] ----------------------------------------------------------------------
[debug] [2023-03-30T07:49:49.573Z] Command:       C:\Program Files\nodejs\node.exe C:\Users\Admin\AppData\Roaming\npm\node_modules\firebase-tools\lib\bin\firebase.js deploy
[debug] [2023-03-30T07:49:49.574Z] CLI Version:   11.20.0
[debug] [2023-03-30T07:49:49.575Z] Platform:      win32
[debug] [2023-03-30T07:49:49.575Z] Node Version:  v16.17.0
[debug] [2023-03-30T07:49:49.587Z] Time:          Thu Mar 30 2023 13:49:49 GMT+0600 (Bangladesh Standard Time)
[debug] [2023-03-30T07:49:49.588Z] ----------------------------------------------------------------------
[debug] 
[debug] [2023-03-30T07:49:49.710Z] > command requires scopes: ["email","openid","https://www.googleapis.com/auth/cloudplatformprojects.readonly","https://www.googleapis.com/auth/firebase","https://www.googleapis.com/auth/cloud-platform"]
[debug] [2023-03-30T07:49:49.711Z] > authorizing via signed-in user (amitpaultl@gmail.com)
[debug] [2023-03-30T07:49:49.711Z] [iam] checking project geeks-of-gurukul for permissions ["firebase.projects.get","firebasehosting.sites.update"]
[debug] [2023-03-30T07:49:49.714Z] > refreshing access token with scopes: []
[debug] [2023-03-30T07:49:49.716Z] >>> [apiv2][query] POST https://www.googleapis.com/oauth2/v3/token [none]
[debug] [2023-03-30T07:49:49.717Z] >>> [apiv2][body] POST https://www.googleapis.com/oauth2/v3/token [omitted]
[debug] [2023-03-30T07:49:50.733Z] <<< [apiv2][status] POST https://www.googleapis.com/oauth2/v3/token 200
[debug] [2023-03-30T07:49:50.734Z] <<< [apiv2][body] POST https://www.googleapis.com/oauth2/v3/token [omitted]
[debug] [2023-03-30T07:49:50.767Z] >>> [apiv2][query] POST https://cloudresourcemanager.googleapis.com/v1/projects/geeks-of-gurukul:testIamPermissions [none]
[debug] [2023-03-30T07:49:50.767Z] >>> [apiv2][(partial)header] POST https://cloudresourcemanager.googleapis.com/v1/projects/geeks-of-gurukul:testIamPermissions x-goog-quota-user=projects/geeks-of-gurukul
[debug] [2023-03-30T07:49:50.769Z] >>> [apiv2][body] POST https://cloudresourcemanager.googleapis.com/v1/projects/geeks-of-gurukul:testIamPermissions {"permissions":["firebase.projects.get","firebasehosting.sites.update"]}
[debug] [2023-03-30T07:49:52.804Z] <<< [apiv2][status] POST https://cloudresourcemanager.googleapis.com/v1/projects/geeks-of-gurukul:testIamPermissions 200
[debug] [2023-03-30T07:49:52.805Z] <<< [apiv2][body] POST https://cloudresourcemanager.googleapis.com/v1/projects/geeks-of-gurukul:testIamPermissions {}
[debug] [2023-03-30T07:49:52.807Z] [iam] error while checking permissions, command may fail: FirebaseError: Authorization failed. This account is missing the following required permissions on project geeks-of-gurukul:

  firebase.projects.get
  firebasehosting.sites.update
[debug] [2023-03-30T07:49:52.814Z] >>> [apiv2][query] GET https://firebase.googleapis.com/v1beta1/projects/geeks-of-gurukul [none]
[debug] [2023-03-30T07:49:54.369Z] <<< [apiv2][status] GET https://firebase.googleapis.com/v1beta1/projects/geeks-of-gurukul 403
[debug] [2023-03-30T07:49:54.369Z] <<< [apiv2][body] GET https://firebase.googleapis.com/v1beta1/projects/geeks-of-gurukul {"error":{"code":403,"message":"The caller does not have permission","status":"PERMISSION_DENIED"}}
[debug] [2023-03-30T07:49:54.374Z] HTTP Error: 403, The caller does not have permission
[debug] [2023-03-30T07:49:55.352Z] FirebaseError: HTTP Error: 403, The caller does not have permission
    at responseToError (C:\Users\Admin\AppData\Roaming\npm\node_modules\firebase-tools\lib\responseToError.js:49:12)
    at RetryOperation._fn (C:\Users\Admin\AppData\Roaming\npm\node_modules\firebase-tools\lib\apiv2.js:288:77)
    at processTicksAndRejections (node:internal/process/task_queues:96:5)
[error] 
[error] Error: Failed to get Firebase project geeks-of-gurukul. Please make sure the project exists and your account has permission to access it.
